make TMP_OSC=.osc.tmp.8689 TMP_OBS=OBS.8690 build-init
make[1]: Entering directory `/root/git/ea-php80-php-memcached'
rm -rf ./OBS.8690 ./.osc.tmp.8689
Check(rpmlint):
SPECS/ea-php80-php-memcached.spec:33: W: setup-not-quiet
SPECS/ea-php80-php-memcached.spec:42: W: configure-without-libdir-spec
0 packages and 1 specfiles checked; 0 errors, 2 warnings.
mkdir OBS.8690
cd OBS.8690 ; /usr/bin/osc -A internal branch -c home:julianbrown:EA4-Experimental ea-php80-php-memcached home:julianbrown:EA4-Experimental ea-php80-php-memcached
Using existing branch project: home:julianbrown:EA4-Experimental
A    home:julianbrown:EA4-Experimental
A    home:julianbrown:EA4-Experimental/ea-php80-php-memcached
A    home:julianbrown:EA4-Experimental/ea-php80-php-memcached/ea-php80-php-memcached.spec
A    home:julianbrown:EA4-Experimental/ea-php80-php-memcached/memcached.ini
A    home:julianbrown:EA4-Experimental/ea-php80-php-memcached/v3.1.3.tar.gz
At revision 1.
Note: You can use "osc delete" or "osc submitpac" when done.

cd OBS.8690/home:julianbrown:EA4-Experimental/ea-php80-php-memcached ; /usr/bin/osc -A internal update
At revision 1.
cd OBS.8690 ; mv home:julianbrown:EA4-Experimental/ea-php80-php-memcached/.osc .osc.tmp.8689
cd OBS.8690; rm -rf home:julianbrown:EA4-Experimental/ea-php80-php-memcached/*
cd OBS.8690 ; mkdir -p home:julianbrown:EA4-Experimental/ea-php80-php-memcached
cp --remove-destination -pr SOURCES/* SPECS/* OBS.8690/home:julianbrown:EA4-Experimental/ea-php80-php-memcached
cd OBS.8690 ; mv .osc.tmp.8689 home:julianbrown:EA4-Experimental/ea-php80-php-memcached/.osc
make[1]: Leaving directory `/root/git/ea-php80-php-memcached'
cd OBS.8690/home:julianbrown:EA4-Experimental/ea-php80-php-memcached && /usr/bin/osc build  -l --noverify --disable-debuginfo CentOS_7 x86_64 ea-php80-php-memcached.spec && /usr/bin/osc build  --noverify --disable-debuginfo CentOS_7 x86_64 ea-php80-php-memcached.spec
Building ea-php80-php-memcached.spec for CentOS_7/x86_64
Getting buildconfig from server and store to /root/git/ea-php80-php-memcached/OBS.8690/home:julianbrown:EA4-Experimental/ea-php80-php-memcached/.osc/_buildconfig-CentOS_7-x86_64
Getting buildinfo from server and store to /root/git/ea-php80-php-memcached/OBS.8690/home:julianbrown:EA4-Experimental/ea-php80-php-memcached/.osc/_buildinfo-CentOS_7-x86_64.xml
Updating cache of required packages

The build root needs packages from project 'EA4-experimental'.
Note that malicious packages can compromise the build result or even your system.
Would you like to ...
0 - quit (default)
1 - always trust packages from 'EA4-experimental'
2 - trust packages just this time
aborted.
? make: *** [local] Error 1
